<?xml version="1.0" encoding="UTF-8"?>
<testsuite xmlns:xsi="http://www.w3.org/2001/XMLSchema-instance" xsi:noNamespaceSchemaLocation="https://maven.apache.org/surefire/maven-surefire-plugin/xsd/surefire-test-report-3.0.xsd" version="3.0" name="com.ro8.varastosofta.application.model.ValidaattoriTest" time="0.206" tests="6" errors="0" skipped="0" failures="0">
  <properties>
[...]
</properties>
  <testcase name="testOnkoNumero" classname="com.ro8.varastosofta.application.model.ValidaattoriTest" time="0.022"/>
  <testcase name="testOnkoLisattavaTuoteValidi{String, String, String, boolean}[1]" classname="com.ro8.varastosofta.application.model.ValidaattoriTest" time="0.044"/>
  <testcase name="testOnkoLisattavaTuoteValidi{String, String, String, boolean}[2]" classname="com.ro8.varastosofta.application.model.ValidaattoriTest" time="0.004"/>
  <testcase name="testOnkoLisattavaTuoteValidi{String, String, String, boolean}[3]" classname="com.ro8.varastosofta.application.model.ValidaattoriTest" time="0.004"/>
  <testcase name="testOnkoLisattavaTuoteValidi{String, String, String, boolean}[4]" classname="com.ro8.varastosofta.application.model.ValidaattoriTest" time="0"/>
  <testcase name="testOnkoLisattavaTuoteValidi{String, String, String, boolean}[5]" classname="com.ro8.varastosofta.application.model.ValidaattoriTest" time="0"/>
</testsuite>